<?xml version="1.0" encoding="UTF-8"?>
<testsuite name="SimpleBankSystemTest" tests="1" skipped="0" failures="0" errors="0" timestamp="2020-04-15T12:38:44" hostname="GopherPC" time="0.451">
  <properties/>
  <testcase name="start" classname="SimpleBankSystemTest" time="0.451"/>
  <system-out><![CDATA[?[1;31m
Start test 1?[0m
1. Create account
2. Log into account
0. Exit
>1

Your card have been created
Your card number:
4000002097769838
Your card PIN:
9659

1. Create account
2. Log into account
0. Exit
>1

Your card have been created
Your card number:
4000003792644532
Your card PIN:
5124

1. Create account
2. Log into account
0. Exit
>0

Bye!

?[1;31m
Start test 2?[0m
1. Create account
2. Log into account
0. Exit
>1

Your card have been created
Your card number:
4000001350140356
Your card PIN:
1174

1. Create account
2. Log into account
0. Exit
>2

Enter your card number:
>4000001350140356
Enter your PIN:
>1174
You have successfully logged in!

1. Balance
2. Log out
0. Exit
>2

You have successfully logged out!

1. Create account
2. Log into account
0. Exit
>0

Bye!

?[1;31m
Start test 3?[0m
1. Create account
2. Log into account
0. Exit
>1

Your card have been created
Your card number:
4000002175883261
Your card PIN:
7531

1. Create account
2. Log into account
0. Exit
>2

Enter your card number:
>4000002175883261
Enter your PIN:
>5468
Wrong card number or PIN!

1. Create account
2. Log into account
0. Exit
>0

Bye!

?[1;31m
Start test 4?[0m
1. Create account
2. Log into account
0. Exit
>1

Your card have been created
Your card number:
4000006211840268
Your card PIN:
8068

1. Create account
2. Log into account
0. Exit
>2

Enter your card number:
>400000382698175
Enter your PIN:
>8068
Wrong card number or PIN!

1. Create account
2. Log into account
0. Exit
>0

Bye!

?[1;31m
Start test 5?[0m
1. Create account
2. Log into account
0. Exit
>1

Your card have been created
Your card number:
4000002114021734
Your card PIN:
6491

1. Create account
2. Log into account
0. Exit
>2

Enter your card number:
>4000002114021734
Enter your PIN:
>6491
You have successfully logged in!

1. Balance
2. Log out
0. Exit
>1

Balance: 0
1. Balance
2. Log out
0. Exit
>0

Bye!

?[1;31m
Start test 6?[0m
1. Create account
2. Log into account
0. Exit
>1

Your card have been created
Your card number:
4000006313236977
Your card PIN:
2460

1. Create account
2. Log into account
0. Exit
>1

Your card have been created
Your card number:
4000006228573498
Your card PIN:
5473

1. Create account
2. Log into account
0. Exit
>1

Your card have been created
Your card number:
4000008257176920
Your card PIN:
4227

1. Create account
2. Log into account
0. Exit
>1

Your card have been created
Your card number:
4000008964770452
Your card PIN:
4684

1. Create account
2. Log into account
0. Exit
>0

Bye!

]]></system-out>
  <system-err><![CDATA[]]></system-err>
</testsuite>
