<?xml version="1.0" encoding="UTF-8"?>
<testsuite name="SimpleBankSystemTest" tests="1" skipped="0" failures="0" errors="0" timestamp="2020-04-27T10:06:43" hostname="GopherPC" time="0.496">
  <properties/>
  <testcase name="start" classname="SimpleBankSystemTest" time="0.496"/>
  <system-out><![CDATA[?[1;31m
Start test 1?[0m
1. Create account
2. Log into account
0. Exit
> 0

Bye!

?[1;31m
Start test 2?[0m
1. Create account
2. Log into account
0. Exit
> 0

Bye!

?[1;31m
Start test 3?[0m
1. Create account
2. Log into account
0. Exit
> 0

Bye!

?[1;31m
Start test 4?[0m
1. Create account
2. Log into account
0. Exit
> 0

Bye!

?[1;31m
Start test 5?[0m
1. Create account
2. Log into account
0. Exit
> 1

Your card have been created
Your card number:
4000007577092494
Your card PIN:
1154

1. Create account
2. Log into account
0. Exit
> 1

Your card have been created
Your card number:
4000004269750125
Your card PIN:
9832

1. Create account
2. Log into account
0. Exit
> 1

Your card have been created
Your card number:
4000007629211175
Your card PIN:
6762

1. Create account
2. Log into account
0. Exit
> 1

Your card have been created
Your card number:
4000008969000731
Your card PIN:
5446

1. Create account
2. Log into account
0. Exit
> 0

Bye!

?[1;31m
Start test 6?[0m
1. Create account
2. Log into account
0. Exit
> 1

Your card have been created
Your card number:
4000005527144993
Your card PIN:
7803

1. Create account
2. Log into account
0. Exit
> 2

Enter your card number:
> 4000005527144993
Enter your PIN:
> 7803
You have successfully logged in!

1. Balance
2. Add income
3. Do transfer
4. Close account
5. Log out
0. Exit
> 0

Bye!

?[1;31m
Start test 7?[0m
1. Create account
2. Log into account
0. Exit
> 1

Your card have been created
Your card number:
4000004617554195
Your card PIN:
7426

1. Create account
2. Log into account
0. Exit
> 2

Enter your card number:
> 4000004617554195
Enter your PIN:
> 3607
Wrong card number or PIN!

1. Create account
2. Log into account
0. Exit
> 0

Bye!

?[1;31m
Start test 8?[0m
1. Create account
2. Log into account
0. Exit
> 1

Your card have been created
Your card number:
4000008462153458
Your card PIN:
2533

1. Create account
2. Log into account
0. Exit
> 2

Enter your card number:
> 400000772573155
Enter your PIN:
> 2533
Wrong card number or PIN!

1. Create account
2. Log into account
0. Exit
> 0

Bye!

?[1;31m
Start test 9?[0m
1. Create account
2. Log into account
0. Exit
> 1

Your card have been created
Your card number:
4000003077277578
Your card PIN:
3521

1. Create account
2. Log into account
0. Exit
> 2

Enter your card number:
> 4000003077277578
Enter your PIN:
> 3521
You have successfully logged in!

1. Balance
2. Add income
3. Do transfer
4. Close account
5. Log out
0. Exit
> 1

Balance: 0

1. Balance
2. Add income
3. Do transfer
4. Close account
5. Log out
0. Exit
> 0

Bye!

?[1;31m
Start test 10?[0m
1. Create account
2. Log into account
0. Exit
> 1

Your card have been created
Your card number:
4000003231158524
Your card PIN:
5643

1. Create account
2. Log into account
0. Exit
> 2

Enter your card number:
> 4000003231158524
Enter your PIN:
> 5643
You have successfully logged in!

1. Balance
2. Add income
3. Do transfer
4. Close account
5. Log out
0. Exit
> 2

Input income:
> 10000
The income have successfully added!

1. Balance
2. Add income
3. Do transfer
4. Close account
5. Log out
0. Exit
> 2

Input income:
> 15000
The income have successfully added!

1. Balance
2. Add income
3. Do transfer
4. Close account
5. Log out
0. Exit
> 0

Bye!

?[1;31m
Start test 11?[0m
1. Create account
2. Log into account
0. Exit
> 1

Your card have been created
Your card number:
4000002229304231
Your card PIN:
9352

1. Create account
2. Log into account
0. Exit
> 2

Enter your card number:
> 4000002229304231
Enter your PIN:
> 9352
You have successfully logged in!

1. Balance
2. Add income
3. Do transfer
4. Close account
5. Log out
0. Exit
> 4

You have successfully close account!

1. Create account
2. Log into account
0. Exit
> 0

Bye!

]]></system-out>
  <system-err><![CDATA[]]></system-err>
</testsuite>
