<?xml version="1.0" encoding="UTF-8"?>
<testsuite name="SimpleBankSystemTest" tests="1" skipped="0" failures="0" errors="0" timestamp="2020-04-15T12:03:51" hostname="GopherPC" time="0.41">
  <properties/>
  <testcase name="start" classname="SimpleBankSystemTest" time="0.41"/>
  <system-out><![CDATA[?[1;31m
Start test 1?[0m
1. Create account
2. Log into account
0. Exit
>1

Your card have been created
Your card number:
4000001702299397
Your card PIN:
6496

1. Create account
2. Log into account
0. Exit
>1

Your card have been created
Your card number:
4000001282438857
Your card PIN:
6981

1. Create account
2. Log into account
0. Exit
>0

Bye!

?[1;31m
Start test 2?[0m
1. Create account
2. Log into account
0. Exit
>1

Your card have been created
Your card number:
4000001059157780
Your card PIN:
6400

1. Create account
2. Log into account
0. Exit
>2

Enter your card number:
>4000001059157780
Enter your PIN:
>6400
You have successfully logged in!

1. Balance
2. Log out
0. Exit
>2

You have successfully logged out!

1. Create account
2. Log into account
0. Exit
>0

Bye!

?[1;31m
Start test 3?[0m
1. Create account
2. Log into account
0. Exit
>1

Your card have been created
Your card number:
4000001788673093
Your card PIN:
2141

1. Create account
2. Log into account
0. Exit
>2

Enter your card number:
>4000001788673093
Enter your PIN:
>6151
Wrong card number or PIN!

1. Create account
2. Log into account
0. Exit
>0

Bye!

?[1;31m
Start test 4?[0m
1. Create account
2. Log into account
0. Exit
>1

Your card have been created
Your card number:
4000001113258172
Your card PIN:
3057

1. Create account
2. Log into account
0. Exit
>2

Enter your card number:
>400000183080217
Enter your PIN:
>3057
Wrong card number or PIN!

1. Create account
2. Log into account
0. Exit
>0

Bye!

?[1;31m
Start test 5?[0m
1. Create account
2. Log into account
0. Exit
>1

Your card have been created
Your card number:
4000001113971109
Your card PIN:
9869

1. Create account
2. Log into account
0. Exit
>2

Enter your card number:
>4000001113971109
Enter your PIN:
>9869
You have successfully logged in!

1. Balance
2. Log out
0. Exit
>1

Balance: 0
1. Balance
2. Log out
0. Exit
>0

Bye!

]]></system-out>
  <system-err><![CDATA[]]></system-err>
</testsuite>
